0000: ; Test Drawing assembly language
0000: ;
0000: ; Assembled with 'FWASM.exe'  (C) Brian Guralnick
0000: ;
0000: ; OP-Code Instruction structure inside the file 'instr.txt'
0000: ;
0000: ; Follow Microchip's PIC16/18 assembler mnemonic
0000: ;
0000: ; Compile line            "fwasm drawing.asm"
0000: ; The output file will be "drawings.bin'
0000: ; The output file         "drawings.lst' shows the generated opcode and error codes.
0000: ;
0000: ; *** THE COMPILER WILL PLACE 8 BYTES of 0x0 AT THE BEGINNING OF THE .BIN FILE
0000: ;
0000: ;
0000: ; Warning, DEFAULT RADDIX IS HEXADECIMAL
0000: ;
0000: ; Use d'xxx'        to enter a decimal value
0000: ; Use b'0101010100' to enter a binary value
0000: ;
0000: 
0000:                       org              0000 
0000: 
0000:      start                             
0000: 
0000: ; *************************************************************************************
0000: ; ** Draw a dot at coordinates (250,250) with palette color 15
0000: ; *************************************************************************************
0000: 80FA                  set_x            	0,d'250'	
0001: C0FA                  set_y            	0,d'250'	
0002: 010F                  plot_dot         d'15' 		
0003: 
0003: 
0003: ; *************************************************************************************
0003: ; ** Draw a line from coordinates (200,200) to (300,300) with palette color 14
0003: ; *************************************************************************************
0003: 80C8                  set_x            	0,d'200'	
0004: C0C8                  set_y            	0,d'200'	
0005: 912C                  set_x            	1,d'300'	
0006: D12C                  set_y            	1,d'300'	
0007: 020E                  plot_line        d'14' 		
0008: 
0008: 
0008: ; *************************************************************************************
0008: ; ** Draw a line from coordinates (200,300) to (300,200) with palette color 14
0008: ; *************************************************************************************
0008: 80C8                  set_x            	0,d'200'	
0009: C12C                  set_y            	0,d'300'	
000A: 912C                  set_x            	1,d'300'	
000B: D0C8                  set_y            	1,d'200'	
000C: 020E                  plot_line        d'14' 		
000D:                                        
000D: 
000D: ; *************************************************************************************
000D: ; ** Draw an outlined box with an outline (200,200)-(300,300) with palette color 14
000D: ; *************************************************************************************
000D: 80C8                  set_x            	0,d'200'	
000E: C0C8                  set_y            	0,d'200'	
000F: 912C                  set_x            	1,d'300'	
0010: D12C                  set_y            	1,d'300'	
0011: 030E                  plot_box         d'14' 		
0012: 
0012: 
0012: ; *************************************************************************************
0012: ; ** Draw a filled box within (225,225)-(275,275) with palette color 14
0012: ; *************************************************************************************
0012: 80E1                  set_x            	0,d'225'	
0013: C0E1                  set_y            	0,d'225'	
0014: 9113                  set_x            	1,d'275'	
0015: D113                  set_y            	1,d'275'	
0016: 030E                  plot_box         d'14' 		
0017:                                        
0017: 
0017: ; *************************************************************************************
0017: ; ** Draw a filled box within (226,226)-(274,274) with palette color 0
0017: ; *************************************************************************************
0017: 80E2                  set_x            	0,d'226'	
0018: C0E2                  set_y            	0,d'226'	
0019: 9112                  set_x            	1,d'274'	
001A: D112                  set_y            	1,d'274'	
001B: 0400                  plot_box_fill    d'0' 		
001C: 
001C: 
001C: ; *************************************************************************************
001C: ; ** Draw a circle (250,250)-(325,325) with palette color 15
001C: ; *************************************************************************************
001C: 80FA                  set_x            	0,d'250'	
001D: C0FA                  set_y            	0,d'250'	
001E: 9145                  set_x            	1,d'325'	
001F: D145                  set_y            	1,d'325'	
0020: 050F                  plot_circle      d'15' 		
0021: 
0021: 
0021: ; *************************************************************************************
0021: ; ** Draw a filled ellipse (250,250)-(300,350) with palette color 9
0021: ; *************************************************************************************
0021: 80AF                  set_x            	0,d'175'	
0022: C0AF                  set_y            	0,d'175'	
0023: 912C                  set_x            	1,d'300'	
0024: D15E                  set_y            	1,d'350'	
0025: 0609                  plot_circle_fill d'9' 		
