========================== SD IP Core Testbench results ===========================
 
  ***************************************************************************************
  ***************************************************************************************
  Heading: access_to_reg                                                                                       
  ***************************************************************************************
  ***************************************************************************************
 
    *************************************************************************************
    At time:                 4359 
    Test: TEST 0: 32-BIT READ-WRITE REGISTERS ( VARIOUS BUS DELAYS )                                          
    reported *SUCCESSFULL*! 
    *************************************************************************************
 
  ***************************************************************************************
  ***************************************************************************************
  Heading: Send CMD                                                                                            
  ***************************************************************************************
  ***************************************************************************************
 
    *************************************************************************************
    At time:                 8077 
    Test: 0:  Send CMD, No Response                                                                           
    reported *SUCCESSFULL*! 
    *************************************************************************************
 
  ***************************************************************************************
  ***************************************************************************************
  Heading: access_to_reg                                                                                       
  ***************************************************************************************
  ***************************************************************************************
 
    *************************************************************************************
    At time:                61507 
    Test: 3.0:  Init Seq, No Response                                                                         
    reported *SUCCESSFULL*! 
    *************************************************************************************
 
  ***************************************************************************************
  ***************************************************************************************
  Heading: access_to_reg                                                                                       
  ***************************************************************************************
  ***************************************************************************************
 
    *************************************************************************************
    At time:               208563 
    Test: 4.0:  Send data                                                                                     
    reported *SUCCESSFULL*! 
    *************************************************************************************
 
    *************************************************************************************
    At time:               416251 
    Test: 4.0:  Send data                                                                                     
    reported *SUCCESSFULL*! 
    *************************************************************************************
 
  ***************************************************************************************
  ***************************************************************************************
  Heading: Send CMD, With simulated bus error on SD_CMD line                                                   
  ***************************************************************************************
  ***************************************************************************************
 
    *************************************************************************************
    At time:               444201 
    Test:  Test 5 part 4:   Send CMD2, 136-Bit                                                                
    reported *SUCCESSFULL*! 
    *************************************************************************************
 
  ***************************************************************************************
  ***************************************************************************************
  Heading: access_to_reg                                                                                       
  ***************************************************************************************
  ***************************************************************************************
 
    *************************************************************************************
    At time:               651889 
    Test: 4.0:  Send data                                                                                     
    reported *SUCCESSFULL*! 
    *************************************************************************************
 
